<?xml version="1.0" encoding="UTF-8"?>
<!-- Generated by org.testng.reporters.JUnitXMLReporter -->
<testsuite hostname="DESKTOP-BN4HTUB" ignored="2" name="Default test" tests="3" failures="0" timestamp="2023-01-06T15:36:53 IST" time="3.598" errors="0">
  <testcase name="addLogin" time="3.15" classname="restassured.restassured.JiraTest"/>
  <testcase name="addComments" time="0.178" classname="restassured.restassured.JiraTest"/>
  <testcase name="getIssues" time="0.2" classname="restassured.restassured.JiraTest"/>
  <testcase name="addAttachments" time="0.0" classname="restassured.restassured.JiraTest">
    <ignored/>
  </testcase> <!-- addAttachments -->
  <testcase name="addIssue" time="0.0" classname="restassured.restassured.JiraTest">
    <ignored/>
  </testcase> <!-- addIssue -->
</testsuite> <!-- Default test -->
